* using log directory ‘/Users/sawsimeon/Documents/igfetchr/igfetchr.Rcheck’
* using R version 4.4.2 (2024-10-31)
* using platform: x86_64-apple-darwin20
* R was compiled by
    Apple clang version 14.0.0 (clang-1400.0.29.202)
    GNU Fortran (GCC) 12.2.0
* running under: macOS Monterey 12.7.6
* using session charset: UTF-8
* using option ‘--as-cran’
* checking for file ‘igfetchr/DESCRIPTION’ ... OK
* checking extension type ... Package
* this is package ‘igfetchr’ version ‘0.1.0’
* package encoding: UTF-8
* checking CRAN incoming feasibility ... [2s/130s] NOTE
Maintainer: ‘Saw Simeon <saw.s@ku.th>’

License components with restrictions and base license permitting such:
  MIT + file LICENSE
File 'LICENSE':
  License: MIT + file LICENSE
  MIT License
  YEAR: 2025
  COPYRIGHT HOLDER: Saw Simeon
  
  
  Permission is hereby granted, free of charge, to any person obtaining a copy
  of this software and associated documentation files (the "Software"), to deal
  in the Software without restriction, including without limitation the rights
  to use, copy, modify, merge, publish, distribute, sublicense, and/or sell
  copies of the Software, and to permit persons to whom the Software is
  furnished to do so, subject to the following conditions:
  
  The above copyright notice and this permission notice shall be included in all
  copies or substantial portions of the Software.
  
  THE SOFTWARE IS PROVIDED "AS IS", WITHOUT WARRANTY OF ANY KIND, EXPRESS OR
  IMPLIED, INCLUDING BUT NOT LIMITED TO THE WARRANTIES OF MERCHANTABILITY,
  FITNESS FOR A PARTICULAR PURPOSE AND NONINFRINGEMENT. IN NO EVENT SHALL THE
  AUTHORS OR COPYRIGHT HOLDERS BE LIABLE FOR ANY CLAIM, DAMAGES OR OTHER
  LIABILITY, WHETHER IN AN ACTION OF CONTRACT, TORT OR OTHERWISE, ARISING FROM,
  OUT OF OR IN CONNECTION WITH THE SOFTWARE OR THE USE OR OTHER DEALINGS IN THE
  SOFTWARE.

Found the following (possibly) invalid URLs:
  URL: https://github.com/sawsimeon/igfetchr
    From: DESCRIPTION
          man/igfetchr-package.Rd
    Status: Error
    Message: libcurl error code 7:
      	Failed to connect to github.com port 443 after 4015 ms: Couldn't connect to server
  URL: https://github.com/sawsimeon/igfetchr/issues
    From: DESCRIPTION
          man/igfetchr-package.Rd
    Status: Error
    Message: libcurl error code 7:
      	Failed to connect to github.com port 443 after 4010 ms: Couldn't connect to server
* checking package namespace information ... OK
* checking package dependencies ... OK
* checking if this is a source package ... OK
* checking if there is a namespace ... OK
* checking for executable files ... OK
* checking for hidden files and directories ... OK
* checking for portable file names ... OK
* checking for sufficient/correct file permissions ... OK
* checking serialization versions ... OK
* checking whether package ‘igfetchr’ can be installed ... OK
* checking installed package size ... OK
* checking package directory ... OK
* checking for future file timestamps ... NOTE
unable to verify current time
* checking ‘build’ directory ... OK
* checking DESCRIPTION meta-information ... NOTE
License stub is invalid DCF.
Author field differs from that derived from Authors@R
  Author:    ‘Saw Simeon <saw.s@ku.th>’
  Authors@R: ‘Saw Simeon [aut, cre]’

* checking top-level files ... NOTE
Files ‘README.md’ or ‘NEWS.md’ cannot be checked without ‘pandoc’ being installed.
Non-standard files/directories found at top level:
  ‘TODO.md’ ‘cran-comments.md’
* checking for left-over files ... OK
* checking index information ... OK
* checking package subdirectories ... OK
* checking code files for non-ASCII characters ... OK
* checking R files for syntax errors ... OK
* checking whether the package can be loaded ... OK
* checking whether the package can be loaded with stated dependencies ... OK
* checking whether the package can be unloaded cleanly ... OK
* checking whether the namespace can be loaded with stated dependencies ... OK
* checking whether the namespace can be unloaded cleanly ... OK
* checking loading without being on the library search path ... OK
* checking use of S3 registration ... OK
* checking dependencies in R code ... OK
* checking S3 generic/method consistency ... OK
* checking replacement functions ... OK
* checking foreign function calls ... OK
* checking R code for possible problems ... OK
* checking Rd files ... OK
* checking Rd metadata ... OK
* checking Rd line widths ... OK
* checking Rd cross-references ... OK
* checking for missing documentation entries ... OK
* checking for code/documentation mismatches ... OK
* checking Rd \usage sections ... OK
* checking Rd contents ... OK
* checking for unstated dependencies in examples ... OK
* checking installed files from ‘inst/doc’ ... OK
* checking files in ‘vignettes’ ... OK
* checking examples ... OK
* checking for unstated dependencies in ‘tests’ ... OK
* checking tests ... OK
  Running ‘testthat.R’
* checking for unstated dependencies in vignettes ... OK
* checking package vignettes ... OK
* checking re-building of vignette outputs ... OK
* checking PDF version of manual ... WARNING
LaTeX errors when creating PDF version.
This typically indicates Rd problems.
* checking PDF version of manual without index ... ERROR
Re-running with no redirection of stdout/stderr.
* checking HTML version of manual ... NOTE
Found the following HTML validation problems:
dot-ig_request.html:15:44 (dot-ig_request.Rd:5): Error: <main> is not recognized!
dot-ig_request.html:15:44 (dot-ig_request.Rd:5): Warning: discarding unexpected <main>
dot-ig_request.html:78:1 (dot-ig_request.Rd:31): Warning: discarding unexpected </main>
dot-ig_request.html:4:1 (dot-ig_request.Rd:5): Warning: <link> inserting "type" attribute
dot-ig_request.html:12:1 (dot-ig_request.Rd:5): Warning: <script> proprietary attribute "onload"
dot-ig_request.html:12:1 (dot-ig_request.Rd:5): Warning: <script> inserting "type" attribute
dot-ig_request.html:17:1 (dot-ig_request.Rd:5): Warning: <table> lacks "summary" attribute
dot-ig_request.html:44:1 (dot-ig_request.Rd:17): Warning: <table> lacks "summary" attribute
ig_auth.html:15:44 (ig_auth.Rd:5): Error: <main> is not recognized!
ig_auth.html:15:44 (ig_auth.Rd:5): Warning: discarding unexpected <main>
ig_auth.html:118:1 (ig_auth.Rd:61): Warning: discarding unexpected </main>
ig_auth.html:4:1 (ig_auth.Rd:5): Warning: <link> inserting "type" attribute
ig_auth.html:12:1 (ig_auth.Rd:5): Warning: <script> proprietary attribute "onload"
ig_auth.html:12:1 (ig_auth.Rd:5): Warning: <script> inserting "type" attribute
ig_auth.html:17:1 (ig_auth.Rd:5): Warning: <table> lacks "summary" attribute
ig_auth.html:43:1 (ig_auth.Rd:16): Warning: <table> lacks "summary" attribute
ig_close_session.html:15:44 (ig_close_session.Rd:6): Error: <main> is not recognized!
ig_close_session.html:15:44 (ig_close_session.Rd:6): Warning: discarding unexpected <main>
ig_close_session.html:77:1 (ig_close_session.Rd:40): Warning: discarding unexpected </main>
ig_close_session.html:4:1 (ig_close_session.Rd:6): Warning: <link> inserting "type" attribute
ig_close_session.html:12:1 (ig_close_session.Rd:6): Warning: <script> proprietary attribute "onload"
ig_close_session.html:12:1 (ig_close_session.Rd:6): Warning: <script> inserting "type" attribute
ig_close_session.html:17:1 (ig_close_session.Rd:6): Warning: <table> lacks "summary" attribute
ig_close_session.html:39:1 (ig_close_session.Rd:13): Warning: <table> lacks "summary" attribute
ig_execute_trade.html:15:44 (ig_execute_trade.Rd:5): Error: <main> is not recognized!
ig_execute_trade.html:15:44 (ig_execute_trade.Rd:5): Warning: discarding unexpected <main>
ig_execute_trade.html:107:1 (ig_execute_trade.Rd:59): Warning: discarding unexpected </main>
ig_execute_trade.html:4:1 (ig_execute_trade.Rd:5): Warning: <link> inserting "type" attribute
ig_execute_trade.html:12:1 (ig_execute_trade.Rd:5): Warning: <script> proprietary attribute "onload"
ig_execute_trade.html:12:1 (ig_execute_trade.Rd:5): Warning: <script> inserting "type" attribute
ig_execute_trade.html:17:1 (ig_execute_trade.Rd:5): Warning: <table> lacks "summary" attribute
ig_execute_trade.html:43:1 (ig_execute_trade.Rd:18): Warning: <table> lacks "summary" attribute
ig_get_accounts.html:15:44 (ig_get_accounts.Rd:5): Error: <main> is not recognized!
ig_get_accounts.html:15:44 (ig_get_accounts.Rd:5): Warning: discarding unexpected <main>
ig_get_accounts.html:81:1 (ig_get_accounts.Rd:43): Warning: discarding unexpected </main>
ig_get_accounts.html:4:1 (ig_get_accounts.Rd:5): Warning: <link> inserting "type" attribute
ig_get_accounts.html:12:1 (ig_get_accounts.Rd:5): Warning: <script> proprietary attribute "onload"
ig_get_accounts.html:12:1 (ig_get_accounts.Rd:5): Warning: <script> inserting "type" attribute
ig_get_accounts.html:17:1 (ig_get_accounts.Rd:5): Warning: <table> lacks "summary" attribute
ig_get_accounts.html:36:1 (ig_get_accounts.Rd:10): Warning: <table> lacks "summary" attribute
ig_get_historical.html:15:44 (ig_get_historical.Rd:5): Error: <main> is not recognized!
ig_get_historical.html:15:44 (ig_get_historical.Rd:5): Warning: discarding unexpected <main>
ig_get_historical.html:109:1 (ig_get_historical.Rd:63): Warning: discarding unexpected </main>
ig_get_historical.html:4:1 (ig_get_historical.Rd:5): Warning: <link> inserting "type" attribute
ig_get_historical.html:12:1 (ig_get_historical.Rd:5): Warning: <script> proprietary attribute "onload"
ig_get_historical.html:12:1 (ig_get_historical.Rd:5): Warning: <script> inserting "type" attribute
ig_get_historical.html:17:1 (ig_get_historical.Rd:5): Warning: <table> lacks "summary" attribute
ig_get_historical.html:42:1 (ig_get_historical.Rd:17): Warning: <table> lacks "summary" attribute
ig_get_options.html:15:44 (ig_get_options.Rd:5): Error: <main> is not recognized!
ig_get_options.html:15:44 (ig_get_options.Rd:5): Warning: discarding unexpected <main>
ig_get_options.html:80:1 (ig_get_options.Rd:42): Warning: discarding unexpected </main>
ig_get_options.html:4:1 (ig_get_options.Rd:5): Warning: <link> inserting "type" attribute
ig_get_options.html:12:1 (ig_get_options.Rd:5): Warning: <script> proprietary attribute "onload"
ig_get_options.html:12:1 (ig_get_options.Rd:5): Warning: <script> inserting "type" attribute
ig_get_options.html:17:1 (ig_get_options.Rd:5): Warning: <table> lacks "summary" attribute
ig_get_options.html:35:1 (ig_get_options.Rd:10): Warning: <table> lacks "summary" attribute
ig_get_price.html:15:44 (ig_get_price.Rd:5): Error: <main> is not recognized!
ig_get_price.html:15:44 (ig_get_price.Rd:5): Warning: discarding unexpected <main>
ig_get_price.html:85:1 (ig_get_price.Rd:45): Warning: discarding unexpected </main>
ig_get_price.html:4:1 (ig_get_price.Rd:5): Warning: <link> inserting "type" attribute
ig_get_price.html:12:1 (ig_get_price.Rd:5): Warning: <script> proprietary attribute "onload"
ig_get_price.html:12:1 (ig_get_price.Rd:5): Warning: <script> inserting "type" attribute
ig_get_price.html:17:1 (ig_get_price.Rd:5): Warning: <table> lacks "summary" attribute
ig_get_price.html:35:1 (ig_get_price.Rd:10): Warning: <table> lacks "summary" attribute
ig_search_markets.html:15:44 (ig_search_markets.Rd:5): Error: <main> is not recognized!
ig_search_markets.html:15:44 (ig_search_markets.Rd:5): Warning: discarding unexpected <main>
ig_search_markets.html:83:1 (ig_search_markets.Rd:43): Warning: discarding unexpected </main>
ig_search_markets.html:4:1 (ig_search_markets.Rd:5): Warning: <link> inserting "type" attribute
ig_search_markets.html:12:1 (ig_search_markets.Rd:5): Warning: <script> proprietary attribute "onload"
ig_search_markets.html:12:1 (ig_search_markets.Rd:5): Warning: <script> inserting "type" attribute
ig_search_markets.html:17:1 (ig_search_markets.Rd:5): Warning: <table> lacks "summary" attribute
ig_search_markets.html:35:1 (ig_search_markets.Rd:10): Warning: <table> lacks "summary" attribute
igfetchr-package.html:15:44 (igfetchr-package.Rd:6): Error: <main> is not recognized!
igfetchr-package.html:15:44 (igfetchr-package.Rd:6): Warning: discarding unexpected <main>
igfetchr-package.html:73:1 (igfetchr-package.Rd:35): Warning: discarding unexpected </main>
igfetchr-package.html:4:1 (igfetchr-package.Rd:6): Warning: <link> inserting "type" attribute
igfetchr-package.html:12:1 (igfetchr-package.Rd:6): Warning: <script> proprietary attribute "onload"
igfetchr-package.html:12:1 (igfetchr-package.Rd:6): Warning: <script> inserting "type" attribute
igfetchr-package.html:17:1 (igfetchr-package.Rd:6): Warning: <table> lacks "summary" attribute
* checking for non-standard things in the check directory ... NOTE
Found the following files/directories:
  ‘igfetchr-manual.tex’
* checking for detritus in the temp directory ... OK
* DONE
Status: 1 ERROR, 1 WARNING, 6 NOTEs
