Hmm ... looks like a package
Converting parsed Rd's to LaTeX .
Creating pdf output from LaTeX ...

This is pdfTeX, Version 3.141592653-2.6-1.40.28 (TeX Live 2025) (preloaded format=pdflatex)
 restricted \write18 enabled.
entering extended mode
LaTeX2e <2025-06-01> patch level 1
L3 programming layer <2025-09-02>
(./Rd2.tex
(/usr/local/texlive/2025basic/texmf-dist/tex/latex/base/book.cls
Document Class: book 2025/01/22 v1.4n Standard LaTeX document class
(/usr/local/texlive/2025basic/texmf-dist/tex/latex/base/bk10.clo))
(/Library/Frameworks/R.framework/Resources/share/texmf/tex/latex/Rd.sty
(/usr/local/texlive/2025basic/texmf-dist/tex/latex/base/ifthen.sty)
(/usr/local/texlive/2025basic/texmf-dist/tex/generic/iftex/iftex.sty)
(/usr/local/texlive/2025basic/texmf-dist/tex/latex/tools/longtable.sty)
(/usr/local/texlive/2025basic/texmf-dist/tex/latex/tools/bm.sty)
(/usr/local/texlive/2025basic/texmf-dist/tex/latex/base/alltt.sty)
(/usr/local/texlive/2025basic/texmf-dist/tex/latex/tools/verbatim.sty)
(/usr/local/texlive/2025basic/texmf-dist/tex/latex/url/url.sty)
(/usr/local/texlive/2025basic/texmf-dist/tex/latex/base/textcomp.sty)
(/usr/local/texlive/2025basic/texmf-dist/tex/latex/amsmath/amsmath.sty
For additional information on amsmath, use the `?' option.
(/usr/local/texlive/2025basic/texmf-dist/tex/latex/amsmath/amstext.sty
(/usr/local/texlive/2025basic/texmf-dist/tex/latex/amsmath/amsgen.sty))
(/usr/local/texlive/2025basic/texmf-dist/tex/latex/amsmath/amsbsy.sty)
(/usr/local/texlive/2025basic/texmf-dist/tex/latex/amsmath/amsopn.sty))
(/usr/local/texlive/2025basic/texmf-dist/tex/latex/amsfonts/amsfonts.sty)
(/usr/local/texlive/2025basic/texmf-dist/tex/latex/amsfonts/amssymb.sty)
(/usr/local/texlive/2025basic/texmf-dist/tex/latex/jknapltx/mathrsfs.sty)
(/usr/local/texlive/2025basic/texmf-dist/tex/latex/base/fontenc.sty)
(/usr/local/texlive/2025basic/texmf-dist/tex/latex/psnfss/times.sty)
(/usr/local/texlive/2025basic/texmf-dist/tex/latex/inconsolata/zi4.sty
`inconsolata-zi4' v1.12, 2019/05/17 Text macros for Inconsolata (msharpe)
(/usr/local/texlive/2025basic/texmf-dist/tex/latex/xkeyval/xkeyval.sty
(/usr/local/texlive/2025basic/texmf-dist/tex/generic/xkeyval/xkeyval.tex
(/usr/local/texlive/2025basic/texmf-dist/tex/generic/xkeyval/xkvutils.tex
(/usr/local/texlive/2025basic/texmf-dist/tex/generic/xkeyval/keyval.tex)))))
(/usr/local/texlive/2025basic/texmf-dist/tex/latex/graphics/color.sty
(/usr/local/texlive/2025basic/texmf-dist/tex/latex/graphics-cfg/color.cfg)
(/usr/local/texlive/2025basic/texmf-dist/tex/latex/graphics-def/pdftex.def)
(/usr/local/texlive/2025basic/texmf-dist/tex/latex/graphics/mathcolor.ltx))
(/usr/local/texlive/2025basic/texmf-dist/tex/latex/hyperref/hyperref.sty
(/usr/local/texlive/2025basic/texmf-dist/tex/latex/kvsetkeys/kvsetkeys.sty)
(/usr/local/texlive/2025basic/texmf-dist/tex/generic/kvdefinekeys/kvdefinekeys.
sty)
(/usr/local/texlive/2025basic/texmf-dist/tex/generic/pdfescape/pdfescape.sty
(/usr/local/texlive/2025basic/texmf-dist/tex/generic/ltxcmds/ltxcmds.sty)
(/usr/local/texlive/2025basic/texmf-dist/tex/generic/pdftexcmds/pdftexcmds.sty
(/usr/local/texlive/2025basic/texmf-dist/tex/generic/infwarerr/infwarerr.sty)))
 (/usr/local/texlive/2025basic/texmf-dist/tex/latex/hycolor/hycolor.sty)
(/usr/local/texlive/2025basic/texmf-dist/tex/latex/hyperref/nameref.sty
(/usr/local/texlive/2025basic/texmf-dist/tex/latex/refcount/refcount.sty)
(/usr/local/texlive/2025basic/texmf-dist/tex/generic/gettitlestring/gettitlestr
ing.sty
(/usr/local/texlive/2025basic/texmf-dist/tex/latex/kvoptions/kvoptions.sty)))
(/usr/local/texlive/2025basic/texmf-dist/tex/latex/etoolbox/etoolbox.sty)
(/usr/local/texlive/2025basic/texmf-dist/tex/generic/stringenc/stringenc.sty)
(/usr/local/texlive/2025basic/texmf-dist/tex/latex/hyperref/pd1enc.def)
(/usr/local/texlive/2025basic/texmf-dist/tex/generic/intcalc/intcalc.sty)
(/usr/local/texlive/2025basic/texmf-dist/tex/latex/hyperref/puenc.def)
(/usr/local/texlive/2025basic/texmf-dist/tex/generic/bitset/bitset.sty
(/usr/local/texlive/2025basic/texmf-dist/tex/generic/bigintcalc/bigintcalc.sty)
)) (/usr/local/texlive/2025basic/texmf-dist/tex/latex/hyperref/hpdftex.def
(/usr/local/texlive/2025basic/texmf-dist/tex/latex/rerunfilecheck/rerunfilechec
k.sty
(/usr/local/texlive/2025basic/texmf-dist/tex/generic/uniquecounter/uniquecounte
r.sty)))) (/usr/local/texlive/2025basic/texmf-dist/tex/latex/base/makeidx.sty)
Writing index file Rd2.idx
(/usr/local/texlive/2025basic/texmf-dist/tex/latex/psnfss/t1ptm.fd)
(/usr/local/texlive/2025basic/texmf-dist/tex/latex/l3backend/l3backend-pdftex.d
ef)
No file Rd2.aux.
(/usr/local/texlive/2025basic/texmf-dist/tex/context/base/mkii/supp-pdf.mkii
[Loading MPS to PDF converter (version 2006.09.02).]
) (/usr/local/texlive/2025basic/texmf-dist/tex/latex/inconsolata/t1zi4.fd)
(/usr/local/texlive/2025basic/texmf-dist/tex/latex/amsfonts/umsa.fd)
(/usr/local/texlive/2025basic/texmf-dist/tex/latex/amsfonts/umsb.fd)
(/usr/local/texlive/2025basic/texmf-dist/tex/latex/jknapltx/ursfs.fd)
No file Rd2.toc.

[1{/usr/local/texlive/2025basic/texmf-var/fonts/map/pdftex/updmap/pdftex.map}{/
usr/local/texlive/2025basic/texmf-dist/fonts/enc/dvips/base/8r.enc}{/usr/local/
texlive/2025basic/texmf-dist/fonts/enc/dvips/inconsolata/i4-t1-0.enc}]
(/usr/local/texlive/2025basic/texmf-dist/tex/latex/psnfss/ts1ptm.fd)
Overfull \hbox (9.38696pt too wide) in paragraph at lines 107--108
[]\T1/ptm/m/n/10 List. Au-then-ti-ca-tion de-tails from `ig_auth()`, in-clud-in
g `cst`, `se-cu-rity`, `base_url`,

[2]
Overfull \hbox (12.44821pt too wide) in paragraph at lines 153--154
[]\T1/ptm/m/n/10 Character. Op-tional ac-count num-ber. De-faults to `IG_SERVIC
E_ACC_NUMBER`

[3]
Overfull \hbox (9.38696pt too wide) in paragraph at lines 215--216
[]\T1/ptm/m/n/10 List. Au-then-ti-ca-tion de-tails from `ig_auth()`, in-clud-in
g `cst`, `se-cu-rity`, `base_url`,

[4]
Overfull \hbox (9.38696pt too wide) in paragraph at lines 273--274
[]\T1/ptm/m/n/10 List. Au-then-ti-ca-tion de-tails from `ig_auth()`, in-clud-in
g `cst`, `se-cu-rity`, `base_url`,

[5]
Overfull \hbox (2.24715pt too wide) in paragraph at lines 298--298
 []\T1/zi4/m/n/9 res <- ig_execute_trade("CS.D.USDCHF.CFD.IP", "BUY", 1.0, auth
, limit = 0.855, stop = 0.845)[] 

Overfull \hbox (15.75635pt too wide) in paragraph at lines 307--307
 []\T1/zi4/m/n/9 res <- ig_execute_trade("CS.D.USDCHF.CFD.IP", "BUY", 1.0, auth
, mock_response = mock_response)[] 

Overfull \hbox (9.38696pt too wide) in paragraph at lines 328--329
[]\T1/ptm/m/n/10 List. Au-then-ti-ca-tion de-tails from `ig_auth()`, in-clud-in
g `cst`, `se-cu-rity`, `base_url`,

[6]
Overfull \hbox (9.38696pt too wide) in paragraph at lines 394--395
[]\T1/ptm/m/n/10 List. Au-then-ti-ca-tion de-tails from `ig_auth()`, in-clud-in
g `cst`, `se-cu-rity`, `base_url`,

[7]
Overfull \hbox (9.38696pt too wide) in paragraph at lines 451--452
[]\T1/ptm/m/n/10 List. Au-then-ti-ca-tion de-tails from `ig_auth()`, in-clud-in
g `cst`, `se-cu-rity`, `base_url`,

[8]
Overfull \hbox (9.38696pt too wide) in paragraph at lines 504--505
[]\T1/ptm/m/n/10 List. Au-then-ti-ca-tion de-tails from `ig_auth()`, in-clud-in
g `cst`, `se-cu-rity`, `base_url`,

[9]
Overfull \hbox (9.38696pt too wide) in paragraph at lines 558--559
[]\T1/ptm/m/n/10 List. Au-then-ti-ca-tion de-tails from `ig_auth()`, in-clud-in
g `cst`, `se-cu-rity`, `base_url`,

[10]
No file Rd2.ind.

[11]
(/private/var/folders/_r/wtvs8wxd0yxfdp2lgn1m0ym40000gq/T/RtmpCVrrpe/Rd2pdff316
47e522c9/Rd2.aux)

Package rerunfilecheck Warning: File `Rd2.out' has changed.
(rerunfilecheck)                Rerun to get outlines right
(rerunfilecheck)                or use package `bookmark'.

 )
(see the transcript file for additional information)</usr/local/texlive/2025bas
ic/texmf-dist/fonts/type1/public/inconsolata/Inconsolata-zi4r.pfb></usr/local/t
exlive/2025basic/texmf-dist/fonts/type1/urw/times/utmb8a.pfb></usr/local/texliv
e/2025basic/texmf-dist/fonts/type1/urw/times/utmr8a.pfb></usr/local/texlive/202
5basic/texmf-dist/fonts/type1/urw/times/utmr8a.pfb></usr/local/texlive/2025basi
c/texmf-dist/fonts/type1/urw/times/utmri8a.pfb>
Output written on Rd2.pdf (11 pages, 95248 bytes).
Transcript written on Rd2.log.
This is makeindex, version 2.17 [TeX Live 2025] (kpathsea + Thai support).
Scanning input file Rd2.idx....done (13 entries accepted, 0 rejected).
Sorting entries....done (58 comparisons).
Generating output file Rd2.ind....done (22 lines written, 0 warnings).
Output written in Rd2.ind.
Transcript written in Rd2.ilg.
This is pdfTeX, Version 3.141592653-2.6-1.40.28 (TeX Live 2025) (preloaded format=pdflatex)
 restricted \write18 enabled.
entering extended mode
LaTeX2e <2025-06-01> patch level 1
L3 programming layer <2025-09-02>
(./Rd2.tex
(/usr/local/texlive/2025basic/texmf-dist/tex/latex/base/book.cls
Document Class: book 2025/01/22 v1.4n Standard LaTeX document class
(/usr/local/texlive/2025basic/texmf-dist/tex/latex/base/bk10.clo))
(/Library/Frameworks/R.framework/Resources/share/texmf/tex/latex/Rd.sty
(/usr/local/texlive/2025basic/texmf-dist/tex/latex/base/ifthen.sty)
(/usr/local/texlive/2025basic/texmf-dist/tex/generic/iftex/iftex.sty)
(/usr/local/texlive/2025basic/texmf-dist/tex/latex/tools/longtable.sty)
(/usr/local/texlive/2025basic/texmf-dist/tex/latex/tools/bm.sty)
(/usr/local/texlive/2025basic/texmf-dist/tex/latex/base/alltt.sty)
(/usr/local/texlive/2025basic/texmf-dist/tex/latex/tools/verbatim.sty)
(/usr/local/texlive/2025basic/texmf-dist/tex/latex/url/url.sty)
(/usr/local/texlive/2025basic/texmf-dist/tex/latex/base/textcomp.sty)
(/usr/local/texlive/2025basic/texmf-dist/tex/latex/amsmath/amsmath.sty
For additional information on amsmath, use the `?' option.
(/usr/local/texlive/2025basic/texmf-dist/tex/latex/amsmath/amstext.sty
(/usr/local/texlive/2025basic/texmf-dist/tex/latex/amsmath/amsgen.sty))
(/usr/local/texlive/2025basic/texmf-dist/tex/latex/amsmath/amsbsy.sty)
(/usr/local/texlive/2025basic/texmf-dist/tex/latex/amsmath/amsopn.sty))
(/usr/local/texlive/2025basic/texmf-dist/tex/latex/amsfonts/amsfonts.sty)
(/usr/local/texlive/2025basic/texmf-dist/tex/latex/amsfonts/amssymb.sty)
(/usr/local/texlive/2025basic/texmf-dist/tex/latex/jknapltx/mathrsfs.sty)
(/usr/local/texlive/2025basic/texmf-dist/tex/latex/base/fontenc.sty)
(/usr/local/texlive/2025basic/texmf-dist/tex/latex/psnfss/times.sty)
(/usr/local/texlive/2025basic/texmf-dist/tex/latex/inconsolata/zi4.sty
`inconsolata-zi4' v1.12, 2019/05/17 Text macros for Inconsolata (msharpe)
(/usr/local/texlive/2025basic/texmf-dist/tex/latex/xkeyval/xkeyval.sty
(/usr/local/texlive/2025basic/texmf-dist/tex/generic/xkeyval/xkeyval.tex
(/usr/local/texlive/2025basic/texmf-dist/tex/generic/xkeyval/xkvutils.tex
(/usr/local/texlive/2025basic/texmf-dist/tex/generic/xkeyval/keyval.tex)))))
(/usr/local/texlive/2025basic/texmf-dist/tex/latex/graphics/color.sty
(/usr/local/texlive/2025basic/texmf-dist/tex/latex/graphics-cfg/color.cfg)
(/usr/local/texlive/2025basic/texmf-dist/tex/latex/graphics-def/pdftex.def)
(/usr/local/texlive/2025basic/texmf-dist/tex/latex/graphics/mathcolor.ltx))
(/usr/local/texlive/2025basic/texmf-dist/tex/latex/hyperref/hyperref.sty
(/usr/local/texlive/2025basic/texmf-dist/tex/latex/kvsetkeys/kvsetkeys.sty)
(/usr/local/texlive/2025basic/texmf-dist/tex/generic/kvdefinekeys/kvdefinekeys.
sty)
(/usr/local/texlive/2025basic/texmf-dist/tex/generic/pdfescape/pdfescape.sty
(/usr/local/texlive/2025basic/texmf-dist/tex/generic/ltxcmds/ltxcmds.sty)
(/usr/local/texlive/2025basic/texmf-dist/tex/generic/pdftexcmds/pdftexcmds.sty
(/usr/local/texlive/2025basic/texmf-dist/tex/generic/infwarerr/infwarerr.sty)))
 (/usr/local/texlive/2025basic/texmf-dist/tex/latex/hycolor/hycolor.sty)
(/usr/local/texlive/2025basic/texmf-dist/tex/latex/hyperref/nameref.sty
(/usr/local/texlive/2025basic/texmf-dist/tex/latex/refcount/refcount.sty)
(/usr/local/texlive/2025basic/texmf-dist/tex/generic/gettitlestring/gettitlestr
ing.sty
(/usr/local/texlive/2025basic/texmf-dist/tex/latex/kvoptions/kvoptions.sty)))
(/usr/local/texlive/2025basic/texmf-dist/tex/latex/etoolbox/etoolbox.sty)
(/usr/local/texlive/2025basic/texmf-dist/tex/generic/stringenc/stringenc.sty)
(/usr/local/texlive/2025basic/texmf-dist/tex/latex/hyperref/pd1enc.def)
(/usr/local/texlive/2025basic/texmf-dist/tex/generic/intcalc/intcalc.sty)
(/usr/local/texlive/2025basic/texmf-dist/tex/latex/hyperref/puenc.def)
(/usr/local/texlive/2025basic/texmf-dist/tex/generic/bitset/bitset.sty
(/usr/local/texlive/2025basic/texmf-dist/tex/generic/bigintcalc/bigintcalc.sty)
)) (/usr/local/texlive/2025basic/texmf-dist/tex/latex/hyperref/hpdftex.def
(/usr/local/texlive/2025basic/texmf-dist/tex/latex/rerunfilecheck/rerunfilechec
k.sty
(/usr/local/texlive/2025basic/texmf-dist/tex/generic/uniquecounter/uniquecounte
r.sty)))) (/usr/local/texlive/2025basic/texmf-dist/tex/latex/base/makeidx.sty)
Writing index file Rd2.idx
(/usr/local/texlive/2025basic/texmf-dist/tex/latex/psnfss/t1ptm.fd)
(/usr/local/texlive/2025basic/texmf-dist/tex/latex/l3backend/l3backend-pdftex.d
ef)
(/private/var/folders/_r/wtvs8wxd0yxfdp2lgn1m0ym40000gq/T/RtmpCVrrpe/Rd2pdff316
47e522c9/Rd2.aux)
(/usr/local/texlive/2025basic/texmf-dist/tex/context/base/mkii/supp-pdf.mkii
[Loading MPS to PDF converter (version 2006.09.02).]
)
(/private/var/folders/_r/wtvs8wxd0yxfdp2lgn1m0ym40000gq/T/RtmpCVrrpe/Rd2pdff316
47e522c9/Rd2.out)
(/private/var/folders/_r/wtvs8wxd0yxfdp2lgn1m0ym40000gq/T/RtmpCVrrpe/Rd2pdff316
47e522c9/Rd2.out)
(/usr/local/texlive/2025basic/texmf-dist/tex/latex/inconsolata/t1zi4.fd)
(/usr/local/texlive/2025basic/texmf-dist/tex/latex/amsfonts/umsa.fd)
(/usr/local/texlive/2025basic/texmf-dist/tex/latex/amsfonts/umsb.fd)
(/usr/local/texlive/2025basic/texmf-dist/tex/latex/jknapltx/ursfs.fd)
(/private/var/folders/_r/wtvs8wxd0yxfdp2lgn1m0ym40000gq/T/RtmpCVrrpe/Rd2pdff316
47e522c9/Rd2.toc)
[1{/usr/local/texlive/2025basic/texmf-var/fonts/map/pdftex/updmap/pdftex.map}{/
usr/local/texlive/2025basic/texmf-dist/fonts/enc/dvips/base/8r.enc}{/usr/local/
texlive/2025basic/texmf-dist/fonts/enc/dvips/inconsolata/i4-t1-0.enc}]
(/usr/local/texlive/2025basic/texmf-dist/tex/latex/psnfss/ts1ptm.fd)
[2]
Overfull \hbox (9.38696pt too wide) in paragraph at lines 107--108
[]\T1/ptm/m/n/10 List. Au-then-ti-ca-tion de-tails from `ig_auth()`, in-clud-in
g `cst`, `se-cu-rity`, `base_url`,

Overfull \hbox (12.44821pt too wide) in paragraph at lines 153--154
[]\T1/ptm/m/n/10 Character. Op-tional ac-count num-ber. De-faults to `IG_SERVIC
E_ACC_NUMBER`

[3]
Overfull \hbox (9.38696pt too wide) in paragraph at lines 215--216
[]\T1/ptm/m/n/10 List. Au-then-ti-ca-tion de-tails from `ig_auth()`, in-clud-in
g `cst`, `se-cu-rity`, `base_url`,

[4]
Overfull \hbox (9.38696pt too wide) in paragraph at lines 273--274
[]\T1/ptm/m/n/10 List. Au-then-ti-ca-tion de-tails from `ig_auth()`, in-clud-in
g `cst`, `se-cu-rity`, `base_url`,

[5]
Overfull \hbox (2.24715pt too wide) in paragraph at lines 298--298
 []\T1/zi4/m/n/9 res <- ig_execute_trade("CS.D.USDCHF.CFD.IP", "BUY", 1.0, auth
, limit = 0.855, stop = 0.845)[] 

Overfull \hbox (15.75635pt too wide) in paragraph at lines 307--307
 []\T1/zi4/m/n/9 res <- ig_execute_trade("CS.D.USDCHF.CFD.IP", "BUY", 1.0, auth
, mock_response = mock_response)[] 

Overfull \hbox (9.38696pt too wide) in paragraph at lines 328--329
[]\T1/ptm/m/n/10 List. Au-then-ti-ca-tion de-tails from `ig_auth()`, in-clud-in
g `cst`, `se-cu-rity`, `base_url`,

[6]
Overfull \hbox (9.38696pt too wide) in paragraph at lines 394--395
[]\T1/ptm/m/n/10 List. Au-then-ti-ca-tion de-tails from `ig_auth()`, in-clud-in
g `cst`, `se-cu-rity`, `base_url`,

[7]
Overfull \hbox (9.38696pt too wide) in paragraph at lines 451--452
[]\T1/ptm/m/n/10 List. Au-then-ti-ca-tion de-tails from `ig_auth()`, in-clud-in
g `cst`, `se-cu-rity`, `base_url`,

[8]
Overfull \hbox (9.38696pt too wide) in paragraph at lines 504--505
[]\T1/ptm/m/n/10 List. Au-then-ti-ca-tion de-tails from `ig_auth()`, in-clud-in
g `cst`, `se-cu-rity`, `base_url`,

[9]
Overfull \hbox (9.38696pt too wide) in paragraph at lines 558--559
[]\T1/ptm/m/n/10 List. Au-then-ti-ca-tion de-tails from `ig_auth()`, in-clud-in
g `cst`, `se-cu-rity`, `base_url`,

[10]
(/private/var/folders/_r/wtvs8wxd0yxfdp2lgn1m0ym40000gq/T/RtmpCVrrpe/Rd2pdff316
47e522c9/Rd2.ind
[11]

LaTeX Font Warning: Font shape `T1/zi4/m/it' undefined
(Font)              using `T1/zi4/m/n' instead on input line 17.



[12])
(/private/var/folders/_r/wtvs8wxd0yxfdp2lgn1m0ym40000gq/T/RtmpCVrrpe/Rd2pdff316
47e522c9/Rd2.aux)

LaTeX Font Warning: Some font shapes were not available, defaults substituted.


Package rerunfilecheck Warning: File `Rd2.out' has changed.
(rerunfilecheck)                Rerun to get outlines right
(rerunfilecheck)                or use package `bookmark'.

 )
(see the transcript file for additional information)</usr/local/texlive/2025bas
ic/texmf-dist/fonts/type1/public/inconsolata/Inconsolata-zi4r.pfb></usr/local/t
exlive/2025basic/texmf-dist/fonts/type1/public/amsfonts/cm/cmsy10.pfb></usr/loc
al/texlive/2025basic/texmf-dist/fonts/type1/urw/times/utmb8a.pfb></usr/local/te
xlive/2025basic/texmf-dist/fonts/type1/urw/times/utmr8a.pfb></usr/local/texlive
/2025basic/texmf-dist/fonts/type1/urw/times/utmr8a.pfb></usr/local/texlive/2025
basic/texmf-dist/fonts/type1/urw/times/utmri8a.pfb>
Output written on Rd2.pdf (12 pages, 105940 bytes).
Transcript written on Rd2.log.
This is makeindex, version 2.17 [TeX Live 2025] (kpathsea + Thai support).
Scanning input file Rd2.idx....done (13 entries accepted, 0 rejected).
Sorting entries....done (58 comparisons).
Generating output file Rd2.ind....done (22 lines written, 0 warnings).
Output written in Rd2.ind.
Transcript written in Rd2.ilg.
This is pdfTeX, Version 3.141592653-2.6-1.40.28 (TeX Live 2025) (preloaded format=pdflatex)
 restricted \write18 enabled.
entering extended mode
LaTeX2e <2025-06-01> patch level 1
L3 programming layer <2025-09-02>
(./Rd2.tex
(/usr/local/texlive/2025basic/texmf-dist/tex/latex/base/book.cls
Document Class: book 2025/01/22 v1.4n Standard LaTeX document class
(/usr/local/texlive/2025basic/texmf-dist/tex/latex/base/bk10.clo))
(/Library/Frameworks/R.framework/Resources/share/texmf/tex/latex/Rd.sty
(/usr/local/texlive/2025basic/texmf-dist/tex/latex/base/ifthen.sty)
(/usr/local/texlive/2025basic/texmf-dist/tex/generic/iftex/iftex.sty)
(/usr/local/texlive/2025basic/texmf-dist/tex/latex/tools/longtable.sty)
(/usr/local/texlive/2025basic/texmf-dist/tex/latex/tools/bm.sty)
(/usr/local/texlive/2025basic/texmf-dist/tex/latex/base/alltt.sty)
(/usr/local/texlive/2025basic/texmf-dist/tex/latex/tools/verbatim.sty)
(/usr/local/texlive/2025basic/texmf-dist/tex/latex/url/url.sty)
(/usr/local/texlive/2025basic/texmf-dist/tex/latex/base/textcomp.sty)
(/usr/local/texlive/2025basic/texmf-dist/tex/latex/amsmath/amsmath.sty
For additional information on amsmath, use the `?' option.
(/usr/local/texlive/2025basic/texmf-dist/tex/latex/amsmath/amstext.sty
(/usr/local/texlive/2025basic/texmf-dist/tex/latex/amsmath/amsgen.sty))
(/usr/local/texlive/2025basic/texmf-dist/tex/latex/amsmath/amsbsy.sty)
(/usr/local/texlive/2025basic/texmf-dist/tex/latex/amsmath/amsopn.sty))
(/usr/local/texlive/2025basic/texmf-dist/tex/latex/amsfonts/amsfonts.sty)
(/usr/local/texlive/2025basic/texmf-dist/tex/latex/amsfonts/amssymb.sty)
(/usr/local/texlive/2025basic/texmf-dist/tex/latex/jknapltx/mathrsfs.sty)
(/usr/local/texlive/2025basic/texmf-dist/tex/latex/base/fontenc.sty)
(/usr/local/texlive/2025basic/texmf-dist/tex/latex/psnfss/times.sty)
(/usr/local/texlive/2025basic/texmf-dist/tex/latex/inconsolata/zi4.sty
`inconsolata-zi4' v1.12, 2019/05/17 Text macros for Inconsolata (msharpe)
(/usr/local/texlive/2025basic/texmf-dist/tex/latex/xkeyval/xkeyval.sty
(/usr/local/texlive/2025basic/texmf-dist/tex/generic/xkeyval/xkeyval.tex
(/usr/local/texlive/2025basic/texmf-dist/tex/generic/xkeyval/xkvutils.tex
(/usr/local/texlive/2025basic/texmf-dist/tex/generic/xkeyval/keyval.tex)))))
(/usr/local/texlive/2025basic/texmf-dist/tex/latex/graphics/color.sty
(/usr/local/texlive/2025basic/texmf-dist/tex/latex/graphics-cfg/color.cfg)
(/usr/local/texlive/2025basic/texmf-dist/tex/latex/graphics-def/pdftex.def)
(/usr/local/texlive/2025basic/texmf-dist/tex/latex/graphics/mathcolor.ltx))
(/usr/local/texlive/2025basic/texmf-dist/tex/latex/hyperref/hyperref.sty
(/usr/local/texlive/2025basic/texmf-dist/tex/latex/kvsetkeys/kvsetkeys.sty)
(/usr/local/texlive/2025basic/texmf-dist/tex/generic/kvdefinekeys/kvdefinekeys.
sty)
(/usr/local/texlive/2025basic/texmf-dist/tex/generic/pdfescape/pdfescape.sty
(/usr/local/texlive/2025basic/texmf-dist/tex/generic/ltxcmds/ltxcmds.sty)
(/usr/local/texlive/2025basic/texmf-dist/tex/generic/pdftexcmds/pdftexcmds.sty
(/usr/local/texlive/2025basic/texmf-dist/tex/generic/infwarerr/infwarerr.sty)))
 (/usr/local/texlive/2025basic/texmf-dist/tex/latex/hycolor/hycolor.sty)
(/usr/local/texlive/2025basic/texmf-dist/tex/latex/hyperref/nameref.sty
(/usr/local/texlive/2025basic/texmf-dist/tex/latex/refcount/refcount.sty)
(/usr/local/texlive/2025basic/texmf-dist/tex/generic/gettitlestring/gettitlestr
ing.sty
(/usr/local/texlive/2025basic/texmf-dist/tex/latex/kvoptions/kvoptions.sty)))
(/usr/local/texlive/2025basic/texmf-dist/tex/latex/etoolbox/etoolbox.sty)
(/usr/local/texlive/2025basic/texmf-dist/tex/generic/stringenc/stringenc.sty)
(/usr/local/texlive/2025basic/texmf-dist/tex/latex/hyperref/pd1enc.def)
(/usr/local/texlive/2025basic/texmf-dist/tex/generic/intcalc/intcalc.sty)
(/usr/local/texlive/2025basic/texmf-dist/tex/latex/hyperref/puenc.def)
(/usr/local/texlive/2025basic/texmf-dist/tex/generic/bitset/bitset.sty
(/usr/local/texlive/2025basic/texmf-dist/tex/generic/bigintcalc/bigintcalc.sty)
)) (/usr/local/texlive/2025basic/texmf-dist/tex/latex/hyperref/hpdftex.def
(/usr/local/texlive/2025basic/texmf-dist/tex/latex/rerunfilecheck/rerunfilechec
k.sty
(/usr/local/texlive/2025basic/texmf-dist/tex/generic/uniquecounter/uniquecounte
r.sty)))) (/usr/local/texlive/2025basic/texmf-dist/tex/latex/base/makeidx.sty)
Writing index file Rd2.idx
(/usr/local/texlive/2025basic/texmf-dist/tex/latex/psnfss/t1ptm.fd)
(/usr/local/texlive/2025basic/texmf-dist/tex/latex/l3backend/l3backend-pdftex.d
ef)
(/private/var/folders/_r/wtvs8wxd0yxfdp2lgn1m0ym40000gq/T/RtmpCVrrpe/Rd2pdff316
47e522c9/Rd2.aux)
(/usr/local/texlive/2025basic/texmf-dist/tex/context/base/mkii/supp-pdf.mkii
[Loading MPS to PDF converter (version 2006.09.02).]
)
(/private/var/folders/_r/wtvs8wxd0yxfdp2lgn1m0ym40000gq/T/RtmpCVrrpe/Rd2pdff316
47e522c9/Rd2.out)
(/private/var/folders/_r/wtvs8wxd0yxfdp2lgn1m0ym40000gq/T/RtmpCVrrpe/Rd2pdff316
47e522c9/Rd2.out)
(/usr/local/texlive/2025basic/texmf-dist/tex/latex/inconsolata/t1zi4.fd)
(/usr/local/texlive/2025basic/texmf-dist/tex/latex/amsfonts/umsa.fd)
(/usr/local/texlive/2025basic/texmf-dist/tex/latex/amsfonts/umsb.fd)
(/usr/local/texlive/2025basic/texmf-dist/tex/latex/jknapltx/ursfs.fd)
(/private/var/folders/_r/wtvs8wxd0yxfdp2lgn1m0ym40000gq/T/RtmpCVrrpe/Rd2pdff316
47e522c9/Rd2.toc)
[1{/usr/local/texlive/2025basic/texmf-var/fonts/map/pdftex/updmap/pdftex.map}{/
usr/local/texlive/2025basic/texmf-dist/fonts/enc/dvips/base/8r.enc}{/usr/local/
texlive/2025basic/texmf-dist/fonts/enc/dvips/inconsolata/i4-t1-0.enc}]
(/usr/local/texlive/2025basic/texmf-dist/tex/latex/psnfss/ts1ptm.fd)
[2]
Overfull \hbox (9.38696pt too wide) in paragraph at lines 107--108
[]\T1/ptm/m/n/10 List. Au-then-ti-ca-tion de-tails from `ig_auth()`, in-clud-in
g `cst`, `se-cu-rity`, `base_url`,

Overfull \hbox (12.44821pt too wide) in paragraph at lines 153--154
[]\T1/ptm/m/n/10 Character. Op-tional ac-count num-ber. De-faults to `IG_SERVIC
E_ACC_NUMBER`

[3]
Overfull \hbox (9.38696pt too wide) in paragraph at lines 215--216
[]\T1/ptm/m/n/10 List. Au-then-ti-ca-tion de-tails from `ig_auth()`, in-clud-in
g `cst`, `se-cu-rity`, `base_url`,

[4]
Overfull \hbox (9.38696pt too wide) in paragraph at lines 273--274
[]\T1/ptm/m/n/10 List. Au-then-ti-ca-tion de-tails from `ig_auth()`, in-clud-in
g `cst`, `se-cu-rity`, `base_url`,

[5]
Overfull \hbox (2.24715pt too wide) in paragraph at lines 298--298
 []\T1/zi4/m/n/9 res <- ig_execute_trade("CS.D.USDCHF.CFD.IP", "BUY", 1.0, auth
, limit = 0.855, stop = 0.845)[] 

Overfull \hbox (15.75635pt too wide) in paragraph at lines 307--307
 []\T1/zi4/m/n/9 res <- ig_execute_trade("CS.D.USDCHF.CFD.IP", "BUY", 1.0, auth
, mock_response = mock_response)[] 

Overfull \hbox (9.38696pt too wide) in paragraph at lines 328--329
[]\T1/ptm/m/n/10 List. Au-then-ti-ca-tion de-tails from `ig_auth()`, in-clud-in
g `cst`, `se-cu-rity`, `base_url`,

[6]
Overfull \hbox (9.38696pt too wide) in paragraph at lines 394--395
[]\T1/ptm/m/n/10 List. Au-then-ti-ca-tion de-tails from `ig_auth()`, in-clud-in
g `cst`, `se-cu-rity`, `base_url`,

[7]
Overfull \hbox (9.38696pt too wide) in paragraph at lines 451--452
[]\T1/ptm/m/n/10 List. Au-then-ti-ca-tion de-tails from `ig_auth()`, in-clud-in
g `cst`, `se-cu-rity`, `base_url`,

[8]
Overfull \hbox (9.38696pt too wide) in paragraph at lines 504--505
[]\T1/ptm/m/n/10 List. Au-then-ti-ca-tion de-tails from `ig_auth()`, in-clud-in
g `cst`, `se-cu-rity`, `base_url`,

[9]
Overfull \hbox (9.38696pt too wide) in paragraph at lines 558--559
[]\T1/ptm/m/n/10 List. Au-then-ti-ca-tion de-tails from `ig_auth()`, in-clud-in
g `cst`, `se-cu-rity`, `base_url`,

[10]
(/private/var/folders/_r/wtvs8wxd0yxfdp2lgn1m0ym40000gq/T/RtmpCVrrpe/Rd2pdff316
47e522c9/Rd2.ind
[11]

LaTeX Font Warning: Font shape `T1/zi4/m/it' undefined
(Font)              using `T1/zi4/m/n' instead on input line 17.



[12])
(/private/var/folders/_r/wtvs8wxd0yxfdp2lgn1m0ym40000gq/T/RtmpCVrrpe/Rd2pdff316
47e522c9/Rd2.aux)

LaTeX Font Warning: Some font shapes were not available, defaults substituted.

 )
(see the transcript file for additional information)</usr/local/texlive/2025bas
ic/texmf-dist/fonts/type1/public/inconsolata/Inconsolata-zi4r.pfb></usr/local/t
exlive/2025basic/texmf-dist/fonts/type1/public/amsfonts/cm/cmsy10.pfb></usr/loc
al/texlive/2025basic/texmf-dist/fonts/type1/urw/times/utmb8a.pfb></usr/local/te
xlive/2025basic/texmf-dist/fonts/type1/urw/times/utmr8a.pfb></usr/local/texlive
/2025basic/texmf-dist/fonts/type1/urw/times/utmr8a.pfb></usr/local/texlive/2025
basic/texmf-dist/fonts/type1/urw/times/utmri8a.pfb>
Output written on Rd2.pdf (12 pages, 106255 bytes).
Transcript written on Rd2.log.
Saving output to ‘igfetchr-manual.pdf’ ...
Done
You may want to clean up by 'rm -Rf /var/folders/_r/wtvs8wxd0yxfdp2lgn1m0ym40000gq/T//RtmpCVrrpe/Rd2pdff31647e522c9'
